g:\workspace\wx\wx\x64\release\vc141.pdb
g:\workspace\wx\wx\x64\release\qrc_wx.obj
g:\workspace\wx\wx\x64\release\qwxlog.obj
g:\workspace\wx\wx\x64\release\qwxdata.obj
g:\workspace\wx\wx\x64\release\qprogresswidget.obj
g:\workspace\wx\wx\x64\release\qguiwxsetting.obj
g:\workspace\wx\wx\x64\release\qguiviewport.obj
g:\workspace\wx\wx\x64\release\qguitabwidgetinputdata.obj
g:\workspace\wx\wx\x64\release\qguicharts.obj
g:\workspace\wx\wx\x64\release\qgoodsdata.obj
g:\workspace\wx\wx\x64\release\main.obj
g:\workspace\wx\wx\x64\release\moc_wx.obj
g:\workspace\wx\wx\x64\release\moc_qwxsetting.obj
g:\workspace\wx\wx\x64\release\moc_qwxlogin.obj
g:\workspace\wx\wx\x64\release\moc_qwxlog.obj
g:\workspace\wx\wx\x64\release\moc_qwxdata.obj
g:\workspace\wx\wx\x64\release\moc_qprogresswidget.obj
g:\workspace\wx\wx\x64\release\moc_qguiwxsetting.obj
g:\workspace\wx\wx\x64\release\moc_qguiviewport.obj
g:\workspace\wx\wx\x64\release\moc_qguitabwidgetinputdata.obj
g:\workspace\wx\wx\x64\release\moc_qguicharts.obj
g:\workspace\wx\wx\x64\release\moc_qgoodsdata.obj
g:\workspace\wx\wx\x64\release\wx.obj
g:\workspace\wx\wx\x64\release\qwxsetting.obj
g:\workspace\wx\wx\x64\release\qwxlogin.obj
g:\workspace\wx\wx\generatedfiles\ui_wx.h
g:\workspace\wx\wx\generatedfiles\qrc_wx.cpp
g:\workspace\wx\wx\generatedfiles\ui_qguiwxsetting.h
g:\workspace\wx\wx\generatedfiles\ui_qguiviewport.h
g:\workspace\wx\wx\generatedfiles\ui_qguitabwidgetinputdata.h
g:\workspace\wx\wx\generatedfiles\ui_qguicharts.h
g:\workspace\wx\wx\generatedfiles\ui_qwxlogin.h
g:\workspace\wx\wx\generatedfiles\release\moc_qguiwxsetting.cpp
g:\workspace\wx\wx\generatedfiles\release\moc_qguiviewport.cpp
g:\workspace\wx\wx\generatedfiles\release\moc_qguitabwidgetinputdata.cpp
g:\workspace\wx\wx\generatedfiles\release\moc_qwxdata.cpp
g:\workspace\wx\wx\generatedfiles\release\moc_qguicharts.cpp
g:\workspace\wx\wx\generatedfiles\release\moc_qwxlogin.cpp
g:\workspace\wx\wx\generatedfiles\release\moc_qwxsetting.cpp
g:\workspace\wx\wx\generatedfiles\release\moc_qwxlog.cpp
g:\workspace\wx\wx\generatedfiles\release\moc_qgoodsdata.cpp
g:\workspace\wx\wx\generatedfiles\release\moc_qprogresswidget.cpp
g:\workspace\wx\wx\generatedfiles\release\moc_wx.cpp
g:\workspace\wx\x64\release\wx.exe
g:\workspace\wx\x64\release\wx.ilk
g:\workspace\wx\x64\release\wx.pdb
g:\workspace\wx\wx\x64\release\wx.res
g:\workspace\wx\wx\x64\release\wx.tlog\cl.command.1.tlog
g:\workspace\wx\wx\x64\release\wx.tlog\cl.read.1.tlog
g:\workspace\wx\wx\x64\release\wx.tlog\cl.write.1.tlog
g:\workspace\wx\wx\x64\release\wx.tlog\custombuild.command.1.tlog
g:\workspace\wx\wx\x64\release\wx.tlog\custombuild.read.1.tlog
g:\workspace\wx\wx\x64\release\wx.tlog\custombuild.write.1.tlog
g:\workspace\wx\wx\x64\release\wx.tlog\link.command.1.tlog
g:\workspace\wx\wx\x64\release\wx.tlog\link.read.1.tlog
g:\workspace\wx\wx\x64\release\wx.tlog\link.write.1.tlog
g:\workspace\wx\wx\x64\release\wx.tlog\rc.command.1.tlog
g:\workspace\wx\wx\x64\release\wx.tlog\rc.read.1.tlog
g:\workspace\wx\wx\x64\release\wx.tlog\rc.write.1.tlog
